2019-03-27T23:39:25.321Z - normal: Load ~/.CocosCreator/settings.json
2019-03-27T23:39:26.466Z - normal: Initializing Asset Database
2019-03-27T23:39:26.470Z - normal: checking language setting...
2019-03-27T23:39:26.470Z - normal: Language: zh
2019-03-27T23:39:27.224Z - success: preview server running at http://localhost:7456
2019-03-27T23:39:27.226Z - success: protocol editor-framework registered
2019-03-27T23:39:27.226Z - success: protocol app registered
2019-03-27T23:39:27.226Z - success: protocol theme registered
2019-03-27T23:39:27.226Z - success: protocol packages registered
2019-03-27T23:39:27.226Z - success: protocol uuid registerred
2019-03-27T23:39:27.226Z - success: protocol db registerred
2019-03-27T23:39:27.226Z - success: protocol thumbnail registerred
2019-03-27T23:39:27.226Z - success: protocol unpack registerred
2019-03-27T23:39:27.226Z - success: protocol disable-commonjs registerred
2019-03-27T23:39:27.446Z - normal: connected!
2019-03-27T23:39:27.447Z - normal: Check project E:\Cocos-workspace\flappyBird
2019-03-27T23:39:27.449Z - normal: Initializing project E:\Cocos-workspace\flappyBird
2019-03-27T23:39:27.874Z - normal: Initializing Cocos2d
2019-03-27T23:39:28.649Z - normal: Initializing engine extends
2019-03-27T23:39:28.679Z - success: asset-db-debugger loaded
2019-03-27T23:39:28.680Z - success: baidu-adapter loaded
2019-03-27T23:39:28.682Z - success: code-editor loaded
2019-03-27T23:39:28.682Z - success: color-picker loaded
2019-03-27T23:39:28.773Z - success: fb-audience-network loaded
2019-03-27T23:39:28.838Z - success: fb-live-stream loaded
2019-03-27T23:39:28.842Z - success: google-play-instant loaded
2019-03-27T23:39:28.849Z - success: huawei-runtime loaded
2019-03-27T23:39:28.850Z - success: jsb-adapter loaded
2019-03-27T23:39:28.859Z - success: oppo-runtime loaded
2019-03-27T23:39:28.863Z - success: package-manager loaded
2019-03-27T23:39:28.998Z - success: qqplay-adapter loaded
2019-03-27T23:39:29.000Z - success: runtime-dev-tools loaded
2019-03-27T23:39:29.004Z - success: sdkbox loaded
2019-03-27T23:39:29.008Z - success: tester loaded
2019-03-27T23:39:29.010Z - success: ui-grid loaded
2019-03-27T23:39:29.012Z - success: ui-kit-preview-extra loaded
2019-03-27T23:39:29.014Z - success: ui-kit-preview loaded
2019-03-27T23:39:29.016Z - success: ui-kit loaded
2019-03-27T23:39:29.018Z - success: ui-tree loaded
2019-03-27T23:39:29.023Z - success: vivo-runtime loaded
2019-03-27T23:39:29.024Z - success: weapp-adapter loaded
2019-03-27T23:39:29.060Z - success: assets loaded
2019-03-27T23:39:29.062Z - success: builder loaded
2019-03-27T23:39:29.340Z - success: cocos-services loaded
2019-03-27T23:39:29.343Z - success: console loaded
2019-03-27T23:39:29.375Z - success: fb-instant-games loaded
2019-03-27T23:39:29.376Z - success: google-instant-games loaded
2019-03-27T23:39:29.382Z - success: hierarchy loaded
2019-03-27T23:39:29.384Z - success: inspector loaded
2019-03-27T23:39:29.386Z - success: keystore loaded
2019-03-27T23:39:29.390Z - success: node-library loaded
2019-03-27T23:39:29.391Z - success: package-asset loaded
2019-03-27T23:39:29.393Z - success: preferences loaded
2019-03-27T23:39:29.394Z - success: project-exporter loaded
2019-03-27T23:39:29.396Z - success: project-importer loaded
2019-03-27T23:39:29.398Z - success: project-settings loaded
2019-03-27T23:39:29.402Z - success: scene loaded
2019-03-27T23:39:29.404Z - success: simulator-debugger loaded
2019-03-27T23:39:29.406Z - success: sprite-editor loaded
2019-03-27T23:39:29.410Z - success: store loaded
2019-03-27T23:39:29.414Z - success: timeline loaded
2019-03-27T23:39:30.534Z - normal: Loading packages
2019-03-27T23:39:30.542Z - normal: Watching packages
2019-03-27T23:39:31.217Z - normal: Run Application
2019-03-27T23:39:31.502Z - info: Cocos Services load base data!
